<?xml version="1.0" encoding="UTF-8"?>
<testng-results ignored="0" total="4" passed="4" failed="0" skipped="0">
  <reporter-output>
  </reporter-output>
  <suite started-at="2026-06-17T11:35:11 IST" name="Surefire suite" finished-at="2026-06-17T11:36:24 IST" duration-ms="73244">
    <groups>
      <group name="cucumber">
        <method signature="AbstractTestNGCucumberTests.runScenario(io.cucumber.testng.PickleWrapper,io.cucumber.testng.FeatureWrapper)[pri:0, instance:cucumberOptions.TestNGRunner@41fbdac4]" name="runScenario" class="io.cucumber.testng.AbstractTestNGCucumberTests"/>
      </group> <!-- cucumber -->
    </groups>
    <test started-at="2026-06-17T11:35:11 IST" name="Surefire test" finished-at="2026-06-17T11:36:24 IST" duration-ms="73244">
      <class name="cucumberOptions.TestNGRunner">
        <test-method is-config="true" signature="setUpClass(org.testng.ITestContext)[pri:0, instance:cucumberOptions.TestNGRunner@41fbdac4]" started-at="2026-06-17T11:35:11 IST" name="setUpClass" finished-at="2026-06-17T11:35:17 IST" duration-ms="5934" status="PASS">
          <params>
            <param index="0">
              <value>
                <![CDATA[org.testng.TestRunner@3cee53dc]]>
              </value>
            </param>
          </params>
          <reporter-output>
          </reporter-output>
        </test-method> <!-- setUpClass -->
        <test-method signature="runScenario(io.cucumber.testng.PickleWrapper,io.cucumber.testng.FeatureWrapper)[pri:0, instance:cucumberOptions.TestNGRunner@41fbdac4]" started-at="2026-06-17T11:35:17 IST" name="runScenario" description="Runs Cucumber Scenarios" data-provider="scenarios" finished-at="2026-06-17T11:36:07 IST" duration-ms="49765" status="PASS">
          <params>
            <param index="0">
              <value>
                <![CDATA["Search with multiple products"]]>
              </value>
            </param>
            <param index="1">
              <value>
                <![CDATA["Search and Place the order for product"]]>
              </value>
            </param>
          </params>
          <reporter-output>
          </reporter-output>
        </test-method> <!-- runScenario -->
        <test-method signature="runScenario(io.cucumber.testng.PickleWrapper,io.cucumber.testng.FeatureWrapper)[pri:0, instance:cucumberOptions.TestNGRunner@41fbdac4]" started-at="2026-06-17T11:35:17 IST" name="runScenario" description="Runs Cucumber Scenarios" data-provider="scenarios" finished-at="2026-06-17T11:36:16 IST" duration-ms="58951" status="PASS">
          <params>
            <param index="0">
              <value>
                <![CDATA["Search with multiple products"]]>
              </value>
            </param>
            <param index="1">
              <value>
                <![CDATA["Search and Place the order for product"]]>
              </value>
            </param>
          </params>
          <reporter-output>
          </reporter-output>
        </test-method> <!-- runScenario -->
        <test-method signature="runScenario(io.cucumber.testng.PickleWrapper,io.cucumber.testng.FeatureWrapper)[pri:0, instance:cucumberOptions.TestNGRunner@41fbdac4]" started-at="2026-06-17T11:35:17 IST" name="runScenario" description="Runs Cucumber Scenarios" data-provider="scenarios" finished-at="2026-06-17T11:36:23 IST" duration-ms="66180" status="PASS">
          <params>
            <param index="0">
              <value>
                <![CDATA["Search with multiple products"]]>
              </value>
            </param>
            <param index="1">
              <value>
                <![CDATA["Place the order for the Products"]]>
              </value>
            </param>
          </params>
          <reporter-output>
          </reporter-output>
        </test-method> <!-- runScenario -->
        <test-method signature="runScenario(io.cucumber.testng.PickleWrapper,io.cucumber.testng.FeatureWrapper)[pri:0, instance:cucumberOptions.TestNGRunner@41fbdac4]" started-at="2026-06-17T11:35:17 IST" name="runScenario" description="Runs Cucumber Scenarios" data-provider="scenarios" finished-at="2026-06-17T11:36:23 IST" duration-ms="65609" status="PASS">
          <params>
            <param index="0">
              <value>
                <![CDATA["Search with multiple products"]]>
              </value>
            </param>
            <param index="1">
              <value>
                <![CDATA["Place the order for the Products"]]>
              </value>
            </param>
          </params>
          <reporter-output>
          </reporter-output>
        </test-method> <!-- runScenario -->
        <test-method is-config="true" signature="tearDownClass()[pri:0, instance:cucumberOptions.TestNGRunner@41fbdac4]" started-at="2026-06-17T11:36:23 IST" name="tearDownClass" finished-at="2026-06-17T11:36:24 IST" duration-ms="1007" status="PASS">
          <reporter-output>
          </reporter-output>
        </test-method> <!-- tearDownClass -->
      </class> <!-- cucumberOptions.TestNGRunner -->
    </test> <!-- Surefire test -->
  </suite> <!-- Surefire suite -->
</testng-results>
