<?xml version="1.0" encoding="UTF-8"?>
<!-- Generated by org.testng.reporters.JUnitReportReporter -->
<testsuite hostname="LAPTOP-PIS2DORL" failures="0" tests="4" name="cucumberOptions.TestNGRunner" time="240.505" errors="0" timestamp="2026-06-17T11:36:24 IST" skipped="0">
  <testcase classname="cucumberOptions.TestNGRunner" name="runScenario" time="49.765"/>
  <testcase classname="cucumberOptions.TestNGRunner" name="runScenario" time="58.951"/>
  <testcase classname="cucumberOptions.TestNGRunner" name="runScenario" time="66.180"/>
  <testcase classname="cucumberOptions.TestNGRunner" name="runScenario" time="65.609"/>
</testsuite> <!-- cucumberOptions.TestNGRunner -->
